d:\it\3rd year\semester 2\advanced c++\project\travel_joy\travel_joy\x64\debug\vc143.pdb
d:\it\3rd year\semester 2\advanced c++\project\travel_joy\travel_joy\x64\debug\.netframework,version=v4.7.2.assemblyattributes.obj
d:\it\3rd year\semester 2\advanced c++\project\travel_joy\travel_joy\x64\debug\source.obj
d:\it\3rd year\semester 2\advanced c++\project\travel_joy\travel_joy\x64\debug\sign_up.obj
d:\it\3rd year\semester 2\advanced c++\project\travel_joy\travel_joy\x64\debug\log_in.obj
d:\it\3rd year\semester 2\advanced c++\project\travel_joy\x64\debug\travel_joy.exe
d:\it\3rd year\semester 2\advanced c++\project\travel_joy\travel_joy\x64\debug\travel_joy.vcxproj.assemblyreference.cache
d:\it\3rd year\semester 2\advanced c++\project\travel_joy\travel_joy\x64\debug\travel_joy.vcxproj.generateresource.cache
d:\it\3rd year\semester 2\advanced c++\project\travel_joy\travel_joy\x64\debug\traveljoy.log_in.resources
d:\it\3rd year\semester 2\advanced c++\project\travel_joy\travel_joy\x64\debug\traveljoy.sign_up.resources
d:\it\3rd year\semester 2\advanced c++\project\travel_joy\x64\debug\travel_joy.pdb
d:\it\3rd year\semester 2\advanced c++\project\travel_joy\travel_joy\x64\debug\travel_joy.tlog\cl.command.1.tlog
d:\it\3rd year\semester 2\advanced c++\project\travel_joy\travel_joy\x64\debug\travel_joy.tlog\cl.read.1.tlog
d:\it\3rd year\semester 2\advanced c++\project\travel_joy\travel_joy\x64\debug\travel_joy.tlog\cl.write.1.tlog
d:\it\3rd year\semester 2\advanced c++\project\travel_joy\travel_joy\x64\debug\travel_joy.tlog\link.command.1.tlog
d:\it\3rd year\semester 2\advanced c++\project\travel_joy\travel_joy\x64\debug\travel_joy.tlog\link.read.1.tlog
d:\it\3rd year\semester 2\advanced c++\project\travel_joy\travel_joy\x64\debug\travel_joy.tlog\link.write.1.tlog
d:\it\3rd year\semester 2\advanced c++\project\travel_joy\travel_joy\x64\debug\travel_joy.tlog\metagen.read.1.tlog
d:\it\3rd year\semester 2\advanced c++\project\travel_joy\travel_joy\x64\debug\travel_joy.tlog\metagen.write.1.tlog
d:\it\3rd year\semester 2\advanced c++\project\travel_joy\travel_joy\x64\debug\travel_joy.tlog\resgen.command.1.tlog
d:\it\3rd year\semester 2\advanced c++\project\travel_joy\travel_joy\x64\debug\travel_joy.tlog\resgen.read.1.tlog
d:\it\3rd year\semester 2\advanced c++\project\travel_joy\travel_joy\x64\debug\travel_joy.tlog\resgen.write.1.tlog
